[2026-07-15T19:55:07.633Z] GET http://localhost:4870/ → 200 (9ms, 49919B)
[2026-07-15T19:55:07.654Z] GET https://fonts.googleapis.com/css2?family=Fraunces:ital,opsz,wght@0,9..144,300..700;1,9..144,300..700&family=Yellowtail&family=Alegreya+Sans:ital,wght@0,300;0,400;0,500;0,700;1,400&display=swap → 200 (408ms, 16568B)
[2026-07-15T19:55:07.654Z] GET http://localhost:4870/assets/cover.jpg → 200 (17ms, 512242B)
[2026-07-15T19:55:07.654Z] GET http://localhost:4870/assets/avatar.jpg → 200 (19ms, 696804B)
[2026-07-15T19:55:07.677Z] GET http://localhost:4870/assets/trailer_web.mp4 → 200 (6ms, ?B)
[2026-07-15T19:55:08.075Z] POST https://cache1.primal.net/api/ → pending (?ms, ?B)
[2026-07-15T19:55:08.075Z] GET http://localhost:4870/assets/primal.png → 200 (63ms, 106878B)
[2026-07-15T19:55:08.075Z] GET http://localhost:4870/assets/pod-fountain.png → 200 (63ms, 13724B)
[2026-07-15T19:55:08.075Z] GET http://localhost:4870/assets/pod-apple.png → 200 (63ms, 20917B)
[2026-07-15T19:55:08.075Z] GET http://localhost:4870/assets/pod-spotify.png → 200 (64ms, 21053B)
[2026-07-15T19:55:08.135Z] GET https://fonts.gstatic.com/s/yellowtail/v25/OZpGg_pnoDtINPfRIlLohlvHwWL9f4k.woff2 → pending (?ms, ?B)
[2026-07-15T19:55:08.135Z] GET https://fonts.gstatic.com/s/alegreyasans/v28/5aUu9_-1phKLFgshYDvh6Vwt5alOqEp2i0VBuxM.woff2 → pending (?ms, ?B)
[2026-07-15T19:55:08.135Z] GET https://fonts.gstatic.com/s/alegreyasans/v28/5aUu9_-1phKLFgshYDvh6Vwt5eFIqEp2i0VBuxM.woff2 → pending (?ms, ?B)
[2026-07-15T19:55:08.135Z] GET https://fonts.gstatic.com/s/alegreyasans/v28/5aUz9_-1phKLFgshYDvh6Vwt7VptvWdUhm8.woff2 → pending (?ms, ?B)
[2026-07-15T19:55:08.135Z] GET https://fonts.gstatic.com/s/fraunces/v38/6NU78FyLNQOQZAnv9bYEvDiIdE9Ea92uemAk_WBq8U_9v0c2Wa0KxC9TeP2Xz5c.woff2 → pending (?ms, ?B)
[2026-07-15T19:55:08.136Z] GET https://fonts.gstatic.com/s/fraunces/v38/6NU58FyLNQOQZAnv9ZwNjucMHVn85Ni7emAe9lKqZTnbB-gzTK0K1ChjeveQ7ZXk8g.woff2 → pending (?ms, ?B)
[2026-07-15T19:55:08.136Z] GET http://localhost:4870/assets/blog.jpg → 200 (4ms, 40561B)
[2026-07-15T19:55:08.136Z] GET http://localhost:4870/assets/keyna_sq.jpg → 200 (4ms, 75039B)
[2026-07-15T19:55:08.136Z] GET http://localhost:4870/assets/estela_sq.jpg → 200 (4ms, 79174B)
[2026-07-15T19:55:08.136Z] GET http://localhost:4870/assets/francis_sq.jpg → 200 (6ms, 78050B)
[2026-07-15T19:55:08.136Z] GET http://localhost:4870/assets/lee_sq.jpg → 200 (21ms, 65916B)
[2026-07-15T19:55:08.136Z] GET http://localhost:4870/assets/paul_sq.jpg → 200 (21ms, 87096B)
[2026-07-15T19:55:08.136Z] GET http://localhost:4870/assets/directorhodl_sq.jpg → 200 (21ms, 33394B)
[2026-07-15T19:55:08.136Z] GET http://localhost:4870/assets/richard_sq.jpg → 200 (21ms, 56004B)
[2026-07-15T19:55:08.136Z] GET http://localhost:4870/assets/govinda_sq.jpg → 200 (21ms, 44798B)
[2026-07-15T19:55:10.120Z] GET http://localhost:4870/assets/favicon-32.png → 200 (9ms, 1485B)
[2026-07-15T19:55:10.129Z] GET https://fonts.gstatic.com/s/alegreyasans/v28/5aUt9_-1phKLFgshYDvh6Vwt7V9dv21TpG1Lsw.woff2 → 200 (87ms, 17708B)
[2026-07-15T19:55:10.137Z] GET https://blossom.primal.net/c011694daf56585b2d887e84e2b9783ed32b3b1f3d946c61e87d2063b692e02b.mov → pending (?ms, ?B)
[2026-07-15T19:55:10.137Z] GET https://video.nostr.build/404c8c4489d61bcb5a5df94bb221ae78c50b8ac104987db67d6fcb1cff3a297d.mov → 206 (426ms, ?B)
[2026-07-15T19:55:10.137Z] GET https://blossom.primal.net/a0499a4f1dde4a3869f0fb9679e8d128d594847ce76f8e114996d667fd12d26b.mov → pending (?ms, ?B)
[2026-07-15T19:55:10.137Z] GET https://blossom.primal.net/a0499a4f1dde4a3869f0fb9679e8d128d594847ce76f8e114996d667fd12d26b.mov → pending (?ms, ?B)
[2026-07-15T19:55:10.825Z] GET https://r2.primal.net/cache/3/92/c0/392c066493d39e5727d060a905384892fef344f677b844d1a050ef6208d44bcc.mov → 206 (507ms, ?B)
[2026-07-15T19:55:10.825Z] GET https://r2a.primal.net/uploads2/a/04/99/a0499a4f1dde4a3869f0fb9679e8d128d594847ce76f8e114996d667fd12d26b.mov → pending (?ms, ?B)
[2026-07-15T19:55:11.117Z] GET https://r2a.primal.net/uploads2/a/04/99/a0499a4f1dde4a3869f0fb9679e8d128d594847ce76f8e114996d667fd12d26b.mov → 206 (274ms, ?B)
