[2026-07-09T11:21:53.969Z] GET http://localhost:4870/ → 200 (10ms, 45062B)
[2026-07-09T11:21:53.989Z] GET https://fonts.googleapis.com/css2?family=Fraunces:ital,opsz,wght@0,9..144,300..700;1,9..144,300..700&family=Yellowtail&family=Alegreya+Sans:ital,wght@0,300;0,400;0,500;0,700;1,400&display=swap → pending (?ms, ?B)
[2026-07-09T11:21:53.989Z] GET http://localhost:4870/assets/cover.jpg → 200 (22ms, 512242B)
[2026-07-09T11:21:53.989Z] GET http://localhost:4870/assets/avatar.jpg → 200 (23ms, 696804B)
[2026-07-09T11:21:54.018Z] GET http://localhost:4870/assets/trailer_web.mp4 → 200 (5ms, ?B)
[2026-07-09T11:21:54.373Z] POST https://cache1.primal.net/api/ → 200 (794ms, ?B)
[2026-07-09T11:21:54.373Z] GET http://localhost:4870/assets/primal.png → 200 (68ms, 106878B)
[2026-07-09T11:21:54.439Z] GET https://fonts.gstatic.com/s/yellowtail/v25/OZpGg_pnoDtINPfRIlLohlvHwWL9f4k.woff2 → 200 (269ms, 18308B)
[2026-07-09T11:21:54.439Z] GET https://fonts.gstatic.com/s/alegreyasans/v28/5aUu9_-1phKLFgshYDvh6Vwt5alOqEp2i0VBuxM.woff2 → 200 (531ms, 17232B)
[2026-07-09T11:21:54.439Z] GET https://fonts.gstatic.com/s/fraunces/v38/6NU78FyLNQOQZAnv9bYEvDiIdE9Ea92uemAk_WBq8U_9v0c2Wa0KxC9TeP2Xz5c.woff2 → 200 (479ms, 67388B)
[2026-07-09T11:21:54.439Z] GET https://fonts.gstatic.com/s/fraunces/v38/6NU58FyLNQOQZAnv9ZwNjucMHVn85Ni7emAe9lKqZTnbB-gzTK0K1ChjeveQ7ZXk8g.woff2 → 200 (554ms, 81704B)
[2026-07-09T11:21:54.439Z] GET https://fonts.gstatic.com/s/alegreyasans/v28/5aUu9_-1phKLFgshYDvh6Vwt5eFIqEp2i0VBuxM.woff2 → 200 (500ms, 17172B)
[2026-07-09T11:21:54.439Z] GET https://fonts.gstatic.com/s/alegreyasans/v28/5aUz9_-1phKLFgshYDvh6Vwt7VptvWdUhm8.woff2 → 200 (436ms, 17136B)
[2026-07-09T11:21:54.441Z] GET https://fonts.gstatic.com/s/alegreyasans/v28/5aUt9_-1phKLFgshYDvh6Vwt7V9dv21TpG1Lsw.woff2 → 200 (434ms, 17708B)
[2026-07-09T11:21:54.441Z] GET http://localhost:4870/assets/blog.jpg → 200 (1ms, 40561B)
[2026-07-09T11:21:54.441Z] GET http://localhost:4870/assets/francis_sq.jpg → 200 (1ms, 78050B)
[2026-07-09T11:21:54.441Z] GET http://localhost:4870/assets/richard_sq.jpg → 200 (6ms, 56004B)
[2026-07-09T11:21:54.441Z] GET http://localhost:4870/assets/keyna_sq.jpg → 200 (6ms, 75039B)
[2026-07-09T11:21:54.441Z] GET http://localhost:4870/assets/estela_sq.jpg → 200 (6ms, 79174B)
[2026-07-09T11:21:54.441Z] GET http://localhost:4870/assets/lee_sq.jpg → 200 (6ms, 65916B)
[2026-07-09T11:21:54.441Z] GET http://localhost:4870/assets/paul_sq.jpg → 200 (6ms, 87096B)
[2026-07-09T11:21:54.441Z] GET http://localhost:4870/assets/directorhodl_sq.jpg → 200 (22ms, 33394B)
[2026-07-09T11:21:54.441Z] GET http://localhost:4870/assets/govinda_sq.jpg → 200 (22ms, 44798B)
[2026-07-09T11:21:55.668Z] GET https://video.nostr.build/404c8c4489d61bcb5a5df94bb221ae78c50b8ac104987db67d6fcb1cff3a297d.mov → pending (?ms, ?B)
[2026-07-09T11:21:55.668Z] GET https://blossom.primal.net/a0499a4f1dde4a3869f0fb9679e8d128d594847ce76f8e114996d667fd12d26b.mov → 302 (429ms, ?B)
[2026-07-09T11:21:55.668Z] GET https://blossom.primal.net/a0499a4f1dde4a3869f0fb9679e8d128d594847ce76f8e114996d667fd12d26b.mov → 302 (353ms, ?B)
[2026-07-09T11:21:55.668Z] GET https://blossom.primal.net/350610436890b4b46777150e6a61f0bce24c77662feda67c65f47b371920623a.mp4 → 302 (352ms, ?B)
[2026-07-09T11:21:56.020Z] GET https://r2a.primal.net/uploads2/3/50/61/350610436890b4b46777150e6a61f0bce24c77662feda67c65f47b371920623a.mp4 → pending (?ms, ?B)
[2026-07-09T11:21:56.021Z] GET https://r2a.primal.net/uploads2/a/04/99/a0499a4f1dde4a3869f0fb9679e8d128d594847ce76f8e114996d667fd12d26b.mov → pending (?ms, ?B)
[2026-07-09T11:21:56.097Z] GET https://r2a.primal.net/uploads2/a/04/99/a0499a4f1dde4a3869f0fb9679e8d128d594847ce76f8e114996d667fd12d26b.mov → pending (?ms, ?B)
[2026-07-09T11:31:23.809Z] GET http://localhost:4870/ → 200 (1ms, 45920B)
[2026-07-09T11:31:23.814Z] GET https://fonts.googleapis.com/css2?family=Fraunces:ital,opsz,wght@0,9..144,300..700;1,9..144,300..700&family=Yellowtail&family=Alegreya+Sans:ital,wght@0,300;0,400;0,500;0,700;1,400&display=swap → 200 (?ms, 16568B)
[2026-07-09T11:31:23.814Z] GET http://localhost:4870/assets/cover.jpg → 200 (?ms, 512242B)
[2026-07-09T11:31:23.814Z] GET http://localhost:4870/assets/avatar.jpg → 200 (?ms, 696804B)
[2026-07-09T11:31:23.817Z] GET http://localhost:4870/assets/blog.jpg → 200 (?ms, 40561B)
[2026-07-09T11:31:23.817Z] GET http://localhost:4870/assets/francis_sq.jpg → 200 (?ms, 78050B)
[2026-07-09T11:31:23.817Z] GET http://localhost:4870/assets/primal.png → 304 (2ms, ?B)
[2026-07-09T11:31:23.817Z] GET http://localhost:4870/assets/richard_sq.jpg → 200 (?ms, 56004B)
[2026-07-09T11:31:23.817Z] GET http://localhost:4870/assets/keyna_sq.jpg → 200 (?ms, 75039B)
[2026-07-09T11:31:23.817Z] GET http://localhost:4870/assets/estela_sq.jpg → 200 (?ms, 79174B)
[2026-07-09T11:31:23.817Z] GET http://localhost:4870/assets/lee_sq.jpg → 200 (?ms, 65916B)
[2026-07-09T11:31:23.818Z] POST https://cache1.primal.net/api/ → 200 (719ms, ?B)
[2026-07-09T11:31:23.821Z] GET http://localhost:4870/assets/trailer_web.mp4 → 200 (5ms, ?B)
[2026-07-09T11:31:23.822Z] GET https://fonts.gstatic.com/s/alegreyasans/v28/5aUt9_-1phKLFgshYDvh6Vwt7V9dv21TpG1Lsw.woff2 → 200 (?ms, ?B)
[2026-07-09T11:31:23.822Z] GET https://fonts.gstatic.com/s/alegreyasans/v28/5aUz9_-1phKLFgshYDvh6Vwt7VptvWdUhm8.woff2 → 200 (?ms, ?B)
[2026-07-09T11:31:23.822Z] GET https://fonts.gstatic.com/s/alegreyasans/v28/5aUu9_-1phKLFgshYDvh6Vwt5alOqEp2i0VBuxM.woff2 → 200 (?ms, ?B)
[2026-07-09T11:31:23.822Z] GET https://fonts.gstatic.com/s/alegreyasans/v28/5aUu9_-1phKLFgshYDvh6Vwt5eFIqEp2i0VBuxM.woff2 → 200 (1ms, ?B)
[2026-07-09T11:31:23.823Z] GET https://fonts.gstatic.com/s/fraunces/v38/6NU58FyLNQOQZAnv9ZwNjucMHVn85Ni7emAe9lKqZTnbB-gzTK0K1ChjeveQ7ZXk8g.woff2 → 200 (?ms, ?B)
[2026-07-09T11:31:23.823Z] GET https://fonts.gstatic.com/s/fraunces/v38/6NU78FyLNQOQZAnv9bYEvDiIdE9Ea92uemAk_WBq8U_9v0c2Wa0KxC9TeP2Xz5c.woff2 → 200 (2ms, ?B)
[2026-07-09T11:31:23.825Z] GET https://fonts.gstatic.com/s/yellowtail/v25/OZpGg_pnoDtINPfRIlLohlvHwWL9f4k.woff2 → 200 (?ms, ?B)
[2026-07-09T11:31:23.831Z] GET http://localhost:4870/assets/paul_sq.jpg → 304 (2ms, ?B)
[2026-07-09T11:31:23.832Z] GET http://localhost:4870/assets/directorhodl_sq.jpg → 304 (1ms, ?B)
[2026-07-09T11:31:23.832Z] GET http://localhost:4870/assets/govinda_sq.jpg → 304 (1ms, ?B)
[2026-07-09T11:31:25.084Z] GET http://localhost:4870/assets/favicon-32.png → 200 (7ms, 1485B)
[2026-07-09T11:31:25.091Z] GET https://video.nostr.build/404c8c4489d61bcb5a5df94bb221ae78c50b8ac104987db67d6fcb1cff3a297d.mov → 206 (1ms, ?B)
[2026-07-09T11:31:25.092Z] GET https://blossom.primal.net/a0499a4f1dde4a3869f0fb9679e8d128d594847ce76f8e114996d667fd12d26b.mov → 302 (430ms, ?B)
[2026-07-09T11:31:25.092Z] GET https://blossom.primal.net/a0499a4f1dde4a3869f0fb9679e8d128d594847ce76f8e114996d667fd12d26b.mov → 302 (347ms, ?B)
[2026-07-09T11:31:25.092Z] GET https://blossom.primal.net/350610436890b4b46777150e6a61f0bce24c77662feda67c65f47b371920623a.mp4 → 302 (347ms, ?B)
[2026-07-09T11:31:25.439Z] GET https://r2a.primal.net/uploads2/a/04/99/a0499a4f1dde4a3869f0fb9679e8d128d594847ce76f8e114996d667fd12d26b.mov → 206 (?ms, ?B)
[2026-07-09T11:31:25.439Z] GET https://r2a.primal.net/uploads2/3/50/61/350610436890b4b46777150e6a61f0bce24c77662feda67c65f47b371920623a.mp4 → 206 (?ms, ?B)
[2026-07-09T11:31:25.522Z] GET https://r2a.primal.net/uploads2/a/04/99/a0499a4f1dde4a3869f0fb9679e8d128d594847ce76f8e114996d667fd12d26b.mov → pending (?ms, ?B)
[2026-07-09T11:31:27.008Z] GET https://m.primal.net/HQwT.png → 302 (380ms, ?B)
[2026-07-09T11:31:27.042Z] GET https://image.nostr.build/54e038ebc87ebfa929b112b36400067037b047d832890203e7ee11c8468aaf31.jpg → 200 (441ms, 82479B)
[2026-07-09T11:31:27.388Z] GET https://primal.b-cdn.net/media-upload?u=https%3A%2F%2Fmedia.primal.net%2Fuploads%2Fc%2Fb2%2F2f%2Fcb22fb7ede6c5e868e14a96eaae9e0c57a11d6deda5c7e2616837a26514e9d0d.png → pending (?ms, ?B)
[2026-07-09T11:32:43.141Z] GET http://localhost:4870/ → 200 (1ms, 46320B)
[2026-07-09T11:32:43.146Z] GET https://fonts.googleapis.com/css2?family=Fraunces:ital,opsz,wght@0,9..144,300..700;1,9..144,300..700&family=Yellowtail&family=Alegreya+Sans:ital,wght@0,300;0,400;0,500;0,700;1,400&display=swap → 200 (?ms, 16568B)
[2026-07-09T11:32:43.146Z] GET http://localhost:4870/assets/cover.jpg → 200 (?ms, 512242B)
[2026-07-09T11:32:43.146Z] GET http://localhost:4870/assets/avatar.jpg → 200 (?ms, 696804B)
[2026-07-09T11:32:43.148Z] GET http://localhost:4870/assets/blog.jpg → 200 (?ms, 40561B)
[2026-07-09T11:32:43.148Z] GET http://localhost:4870/assets/francis_sq.jpg → 200 (?ms, 78050B)
[2026-07-09T11:32:43.148Z] GET http://localhost:4870/assets/primal.png → 304 (4ms, ?B)
[2026-07-09T11:32:43.148Z] GET http://localhost:4870/assets/richard_sq.jpg → 200 (1ms, 56004B)
[2026-07-09T11:32:43.149Z] GET http://localhost:4870/assets/keyna_sq.jpg → 200 (?ms, 75039B)
[2026-07-09T11:32:43.149Z] GET http://localhost:4870/assets/estela_sq.jpg → 200 (?ms, 79174B)
[2026-07-09T11:32:43.149Z] GET http://localhost:4870/assets/lee_sq.jpg → 200 (?ms, 65916B)
[2026-07-09T11:32:43.149Z] POST https://cache1.primal.net/api/ → pending (?ms, ?B)
[2026-07-09T11:32:43.149Z] GET http://localhost:4870/assets/trailer_web.mp4 → 200 (3ms, ?B)
[2026-07-09T11:32:43.154Z] GET https://fonts.gstatic.com/s/alegreyasans/v28/5aUt9_-1phKLFgshYDvh6Vwt7V9dv21TpG1Lsw.woff2 → 200 (?ms, ?B)
[2026-07-09T11:32:43.155Z] GET https://fonts.gstatic.com/s/alegreyasans/v28/5aUz9_-1phKLFgshYDvh6Vwt7VptvWdUhm8.woff2 → 200 (?ms, ?B)
[2026-07-09T11:32:43.155Z] GET https://fonts.gstatic.com/s/alegreyasans/v28/5aUu9_-1phKLFgshYDvh6Vwt5alOqEp2i0VBuxM.woff2 → 200 (?ms, ?B)
[2026-07-09T11:32:43.155Z] GET https://fonts.gstatic.com/s/alegreyasans/v28/5aUu9_-1phKLFgshYDvh6Vwt5eFIqEp2i0VBuxM.woff2 → 200 (?ms, ?B)
[2026-07-09T11:32:43.155Z] GET https://fonts.gstatic.com/s/fraunces/v38/6NU58FyLNQOQZAnv9ZwNjucMHVn85Ni7emAe9lKqZTnbB-gzTK0K1ChjeveQ7ZXk8g.woff2 → 200 (?ms, ?B)
[2026-07-09T11:32:43.155Z] GET https://fonts.gstatic.com/s/fraunces/v38/6NU78FyLNQOQZAnv9bYEvDiIdE9Ea92uemAk_WBq8U_9v0c2Wa0KxC9TeP2Xz5c.woff2 → 200 (?ms, ?B)
[2026-07-09T11:32:43.155Z] GET https://fonts.gstatic.com/s/yellowtail/v25/OZpGg_pnoDtINPfRIlLohlvHwWL9f4k.woff2 → 200 (?ms, ?B)
[2026-07-09T11:32:43.176Z] GET http://localhost:4870/assets/paul_sq.jpg → 304 (?ms, ?B)
[2026-07-09T11:32:43.176Z] GET http://localhost:4870/assets/directorhodl_sq.jpg → 304 (1ms, ?B)
[2026-07-09T11:32:43.176Z] GET http://localhost:4870/assets/govinda_sq.jpg → 304 (1ms, ?B)
[2026-07-09T11:32:44.385Z] GET http://localhost:4870/assets/favicon-32.png → 304 (?ms, ?B)
[2026-07-09T11:32:44.385Z] GET https://image.nostr.build/54e038ebc87ebfa929b112b36400067037b047d832890203e7ee11c8468aaf31.jpg → 200 (?ms, 82479B)
[2026-07-09T11:32:44.394Z] GET https://video.nostr.build/404c8c4489d61bcb5a5df94bb221ae78c50b8ac104987db67d6fcb1cff3a297d.mov → 206 (?ms, ?B)
[2026-07-09T11:32:44.394Z] GET https://blossom.primal.net/a0499a4f1dde4a3869f0fb9679e8d128d594847ce76f8e114996d667fd12d26b.mov → 302 (371ms, ?B)
[2026-07-09T11:32:44.394Z] GET https://blossom.primal.net/a0499a4f1dde4a3869f0fb9679e8d128d594847ce76f8e114996d667fd12d26b.mov → 302 (296ms, ?B)
[2026-07-09T11:32:44.394Z] GET https://blossom.primal.net/350610436890b4b46777150e6a61f0bce24c77662feda67c65f47b371920623a.mp4 → 302 (295ms, ?B)
[2026-07-09T11:32:44.397Z] GET https://m.primal.net/HQwT.png → 302 (281ms, ?B)
[2026-07-09T11:32:44.678Z] GET https://primal.b-cdn.net/media-upload?u=https%3A%2F%2Fmedia.primal.net%2Fuploads%2Fc%2Fb2%2F2f%2Fcb22fb7ede6c5e868e14a96eaae9e0c57a11d6deda5c7e2616837a26514e9d0d.png → 200 (?ms, 15456B)
[2026-07-09T11:32:44.689Z] GET https://r2a.primal.net/uploads2/3/50/61/350610436890b4b46777150e6a61f0bce24c77662feda67c65f47b371920623a.mp4 → 206 (1ms, ?B)
[2026-07-09T11:32:44.690Z] GET https://r2a.primal.net/uploads2/a/04/99/a0499a4f1dde4a3869f0fb9679e8d128d594847ce76f8e114996d667fd12d26b.mov → pending (?ms, ?B)
[2026-07-09T11:32:44.766Z] GET https://r2a.primal.net/uploads2/a/04/99/a0499a4f1dde4a3869f0fb9679e8d128d594847ce76f8e114996d667fd12d26b.mov → pending (?ms, ?B)
